c:\users\comrade\desktop\unityeqsource\build\dependencies\luabind\luabind.dir\relwithdebinfo\vc120.pdb
c:\users\comrade\desktop\unityeqsource\build\dependencies\luabind\cmakefiles\generate.stamp
c:\users\comrade\desktop\unityeqsource\build\bin\relwithdebinfo\luabind.lib
c:\users\comrade\desktop\unityeqsource\build\dependencies\luabind\luabind.dir\relwithdebinfo\class.obj
c:\users\comrade\desktop\unityeqsource\build\dependencies\luabind\luabind.dir\relwithdebinfo\class_info.obj
c:\users\comrade\desktop\unityeqsource\build\dependencies\luabind\luabind.dir\relwithdebinfo\class_registry.obj
c:\users\comrade\desktop\unityeqsource\build\dependencies\luabind\luabind.dir\relwithdebinfo\class_rep.obj
c:\users\comrade\desktop\unityeqsource\build\dependencies\luabind\luabind.dir\relwithdebinfo\create_class.obj
c:\users\comrade\desktop\unityeqsource\build\dependencies\luabind\luabind.dir\relwithdebinfo\error.obj
c:\users\comrade\desktop\unityeqsource\build\dependencies\luabind\luabind.dir\relwithdebinfo\exception_handler.obj
c:\users\comrade\desktop\unityeqsource\build\dependencies\luabind\luabind.dir\relwithdebinfo\function.obj
c:\users\comrade\desktop\unityeqsource\build\dependencies\luabind\luabind.dir\relwithdebinfo\inheritance.obj
c:\users\comrade\desktop\unityeqsource\build\dependencies\luabind\luabind.dir\relwithdebinfo\link_compatibility.obj
c:\users\comrade\desktop\unityeqsource\build\dependencies\luabind\luabind.dir\relwithdebinfo\object_rep.obj
c:\users\comrade\desktop\unityeqsource\build\dependencies\luabind\luabind.dir\relwithdebinfo\open.obj
c:\users\comrade\desktop\unityeqsource\build\dependencies\luabind\luabind.dir\relwithdebinfo\pcall.obj
c:\users\comrade\desktop\unityeqsource\build\dependencies\luabind\luabind.dir\relwithdebinfo\scope.obj
c:\users\comrade\desktop\unityeqsource\build\dependencies\luabind\luabind.dir\relwithdebinfo\stack_content_by_name.obj
c:\users\comrade\desktop\unityeqsource\build\dependencies\luabind\luabind.dir\relwithdebinfo\weak_ref.obj
c:\users\comrade\desktop\unityeqsource\build\dependencies\luabind\luabind.dir\relwithdebinfo\wrapper_base.obj
c:\users\comrade\desktop\unityeqsource\build\dependencies\luabind\luabind.dir\relwithdebinfo\luabind.tlog\cl.command.1.tlog
c:\users\comrade\desktop\unityeqsource\build\dependencies\luabind\luabind.dir\relwithdebinfo\luabind.tlog\cl.read.1.tlog
c:\users\comrade\desktop\unityeqsource\build\dependencies\luabind\luabind.dir\relwithdebinfo\luabind.tlog\cl.write.1.tlog
c:\users\comrade\desktop\unityeqsource\build\dependencies\luabind\luabind.dir\relwithdebinfo\luabind.tlog\custombuild.command.1.tlog
c:\users\comrade\desktop\unityeqsource\build\dependencies\luabind\luabind.dir\relwithdebinfo\luabind.tlog\custombuild.read.1.tlog
c:\users\comrade\desktop\unityeqsource\build\dependencies\luabind\luabind.dir\relwithdebinfo\luabind.tlog\custombuild.write.1.tlog
c:\users\comrade\desktop\unityeqsource\build\dependencies\luabind\luabind.dir\relwithdebinfo\luabind.tlog\lib-link.read.1.tlog
c:\users\comrade\desktop\unityeqsource\build\dependencies\luabind\luabind.dir\relwithdebinfo\luabind.tlog\lib-link.write.1.tlog
c:\users\comrade\desktop\unityeqsource\build\dependencies\luabind\luabind.dir\relwithdebinfo\luabind.tlog\lib.command.1.tlog
