c:\users\comrade\desktop\unityeqsource\build\dependencies\libwebsockets\websockets.dir\relwithdebinfo\vc120.pdb
c:\users\comrade\desktop\unityeqsource\build\dependencies\libwebsockets\websockets.dir\relwithdebinfo\extension-deflate-stream.obj
c:\users\comrade\desktop\unityeqsource\build\dependencies\libwebsockets\websockets.dir\relwithdebinfo\extension-deflate-frame.obj
c:\users\comrade\desktop\unityeqsource\build\dependencies\libwebsockets\websockets.dir\relwithdebinfo\extension.obj
c:\users\comrade\desktop\unityeqsource\build\dependencies\libwebsockets\websockets.dir\relwithdebinfo\server-handshake.obj
c:\users\comrade\desktop\unityeqsource\build\dependencies\libwebsockets\websockets.dir\relwithdebinfo\server.obj
c:\users\comrade\desktop\unityeqsource\build\dependencies\libwebsockets\websockets.dir\relwithdebinfo\lws-plat-win.obj
c:\users\comrade\desktop\unityeqsource\build\dependencies\libwebsockets\websockets.dir\relwithdebinfo\sha-1.obj
c:\users\comrade\desktop\unityeqsource\build\dependencies\libwebsockets\websockets.dir\relwithdebinfo\context.obj
c:\users\comrade\desktop\unityeqsource\build\dependencies\libwebsockets\websockets.dir\relwithdebinfo\parsers.obj
c:\users\comrade\desktop\unityeqsource\build\dependencies\libwebsockets\websockets.dir\relwithdebinfo\output.obj
c:\users\comrade\desktop\unityeqsource\build\dependencies\libwebsockets\websockets.dir\relwithdebinfo\pollfd.obj
c:\users\comrade\desktop\unityeqsource\build\dependencies\libwebsockets\websockets.dir\relwithdebinfo\service.obj
c:\users\comrade\desktop\unityeqsource\build\dependencies\libwebsockets\websockets.dir\relwithdebinfo\libwebsockets.obj
c:\users\comrade\desktop\unityeqsource\build\dependencies\libwebsockets\websockets.dir\relwithdebinfo\handshake.obj
c:\users\comrade\desktop\unityeqsource\build\dependencies\libwebsockets\websockets.dir\relwithdebinfo\base64-decode.obj
c:\users\comrade\desktop\unityeqsource\build\dependencies\libwebsockets\cmakefiles\generate.stamp
c:\users\comrade\desktop\unityeqsource\build\dependencies\libwebsockets\lib\relwithdebinfo\websockets_static.lib
c:\users\comrade\desktop\unityeqsource\build\dependencies\libwebsockets\websockets.dir\relwithdebinfo\websockets.tlog\cl.command.1.tlog
c:\users\comrade\desktop\unityeqsource\build\dependencies\libwebsockets\websockets.dir\relwithdebinfo\websockets.tlog\cl.read.1.tlog
c:\users\comrade\desktop\unityeqsource\build\dependencies\libwebsockets\websockets.dir\relwithdebinfo\websockets.tlog\cl.write.1.tlog
c:\users\comrade\desktop\unityeqsource\build\dependencies\libwebsockets\websockets.dir\relwithdebinfo\websockets.tlog\custombuild.command.1.tlog
c:\users\comrade\desktop\unityeqsource\build\dependencies\libwebsockets\websockets.dir\relwithdebinfo\websockets.tlog\custombuild.read.1.tlog
c:\users\comrade\desktop\unityeqsource\build\dependencies\libwebsockets\websockets.dir\relwithdebinfo\websockets.tlog\custombuild.write.1.tlog
c:\users\comrade\desktop\unityeqsource\build\dependencies\libwebsockets\websockets.dir\relwithdebinfo\websockets.tlog\lib-link.read.1.tlog
c:\users\comrade\desktop\unityeqsource\build\dependencies\libwebsockets\websockets.dir\relwithdebinfo\websockets.tlog\lib-link.write.1.tlog
c:\users\comrade\desktop\unityeqsource\build\dependencies\libwebsockets\websockets.dir\relwithdebinfo\websockets.tlog\lib.command.1.tlog
