Build started 1/11/2016 2:43:23 AM.
     1>Project "C:\Users\comrade\Desktop\unityeqsource\build\dependencies\libwebsockets\websockets.vcxproj" on node 4 (Build target(s)).
     1>CustomBuild:
         Building Custom Rule C:/Users/comrade/Desktop/unityeqsource/dependencies/libwebsockets/CMakeLists.txt
         CMake does not need to re-run because C:\Users\comrade\Desktop\unityeqsource\build\dependencies\libwebsockets\CMakeFiles\generate.stamp is up-to-date.
       ClCompile:
         C:\Program Files (x86)\Microsoft Visual Studio 12.0\VC\bin\CL.exe /c /IC:\Perl\lib\CORE /IC:\Users\comrade\Desktop\unityeqsource\dependencies\luaj_x86\src /IC:\Users\comrade\Desktop\unityeqsource\dependencies\boost /IC:\Users\comrade\Desktop\unityeqsource\dependencies\luabind /IC:\Users\comrade\Desktop\unityeqsource\dependencies\zlib_x86\include /IC:\Users\comrade\Desktop\unityeqsource\dependencies\mysql_x86\include /IC:\Users\comrade\Desktop\unityeqsource\common\glm /IC:\Users\comrade\Desktop\unityeqsource\dependencies\libwebsockets /IC:\Users\comrade\Desktop\unityeqsource\common\rapidjson /IC:\Users\comrade\Desktop\unityeqsource\build\dependencies\libwebsockets /IC:\Users\comrade\Desktop\unityeqsource\dependencies\libwebsockets\lib /IC:\Users\comrade\Desktop\unityeqsource\dependencies\libwebsockets\win32port\win32helpers /IC:\Users\comrade\Desktop\unityeqsource\dependencies\libwebsockets\win32port\zlib /Zi /nologo /W3 /WX- /O2 /Ob1 /Oy- /D WIN32 /D _WINDOWS /D NDEBUG /D _WINDOWS /D WIN32 /D _CRT_SECURE_NO_WARNINGS /D CRASH_LOGGING /D NOMINMAX /D COMMANDS_LOGGING /D DISABLE_LOGSYS /D EMBPERL /D EMBPERL_PLUGIN /D LUA_EQEMU /D EQDEBUG=5 /D INVERSEXY /D FIELD_ITEMS /D "MAP_DIR=\"./Maps\"" /D RATEBASE=1048576 /D DECAYBASE=78642 /D RETRANSMIT_TIMEOUT_MULT=3.0 /D RETRANSMIT_TIMEOUT_MAX=5000 /D AVERAGE_DELTA_MAX=2500 /D LOG_LEVEL_STATUS=2 /D LOG_LEVEL_NORMAL=3 /D LOG_LEVEL_ERROR=2 /D LOG_LEVEL_DEBUG=3 /D LOG_LEVEL_QUEST=2 /D LOG_LEVEL_COMMANDS=1 /D LOG_LEVEL_CRASH=3 /D GLM_FORCE_RADIANS /D RETRANSMIT_ACKED_PACKETS=true /D SANITIZE_LUA_LIBS /D CMAKE_BUILD /D _CRT_SECURE_NO_DEPRECATE /D _CRT_NONSTDC_NO_DEPRECATE /D "CMAKE_INTDIR=\"RelWithDebInfo\"" /D _MBCS /Gm- /MT /GS /fp:fast /Zc:wchar_t /Zc:forScope /Fo"websockets.dir\RelWithDebInfo\\" /Fd"websockets.dir\RelWithDebInfo\vc120.pdb" /Gd /TC /analyze- /errorReport:prompt "C:\Users\comrade\Desktop\unityeqsource\dependencies\libwebsockets\lib\base64-decode.c" C:\Users\comrade\Desktop\unityeqsource\dependencies\libwebsockets\lib\handshake.c C:\Users\comrade\Desktop\unityeqsource\dependencies\libwebsockets\lib\libwebsockets.c C:\Users\comrade\Desktop\unityeqsource\dependencies\libwebsockets\lib\service.c C:\Users\comrade\Desktop\unityeqsource\dependencies\libwebsockets\lib\pollfd.c C:\Users\comrade\Desktop\unityeqsource\dependencies\libwebsockets\lib\output.c C:\Users\comrade\Desktop\unityeqsource\dependencies\libwebsockets\lib\parsers.c C:\Users\comrade\Desktop\unityeqsource\dependencies\libwebsockets\lib\context.c "C:\Users\comrade\Desktop\unityeqsource\dependencies\libwebsockets\lib\sha-1.c" "C:\Users\comrade\Desktop\unityeqsource\dependencies\libwebsockets\lib\lws-plat-win.c" C:\Users\comrade\Desktop\unityeqsource\dependencies\libwebsockets\lib\server.c "C:\Users\comrade\Desktop\unityeqsource\dependencies\libwebsockets\lib\server-handshake.c" C:\Users\comrade\Desktop\unityeqsource\dependencies\libwebsockets\lib\extension.c "C:\Users\comrade\Desktop\unityeqsource\dependencies\libwebsockets\lib\extension-deflate-frame.c" "C:\Users\comrade\Desktop\unityeqsource\dependencies\libwebsockets\lib\extension-deflate-stream.c"
         base64-decode.c
         handshake.c
         libwebsockets.c
     1>C:\Users\comrade\Desktop\unityeqsource\dependencies\libwebsockets\lib\libwebsockets.c(360): warning C4996: 'gethostbyaddr': Use getnameinfo() or GetNameInfoW() instead or define _WINSOCK_DEPRECATED_NO_WARNINGS to disable deprecated API warnings
                 C:\Program Files (x86)\Windows Kits\8.1\Include\um\winsock2.h(2216) : see declaration of 'gethostbyaddr'
     1>C:\Users\comrade\Desktop\unityeqsource\dependencies\libwebsockets\lib\libwebsockets.c(369): warning C4996: 'gethostbyname': Use getaddrinfo() or GetAddrInfoW() instead or define _WINSOCK_DEPRECATED_NO_WARNINGS to disable deprecated API warnings
                 C:\Program Files (x86)\Windows Kits\8.1\Include\um\winsock2.h(2238) : see declaration of 'gethostbyname'
         service.c
     1>C:\Users\comrade\Desktop\unityeqsource\dependencies\libwebsockets\lib\service.c(260): warning C4244: 'function' : conversion from 'time_t' to 'unsigned int', possible loss of data
         pollfd.c
         output.c
     1>C:\Users\comrade\Desktop\unityeqsource\dependencies\libwebsockets\lib\output.c(346): warning C4244: '=' : conversion from 'short' to 'unsigned char', possible loss of data
         parsers.c
     1>C:\Users\comrade\Desktop\unityeqsource\dependencies\libwebsockets\lib\parsers.c(132): warning C4244: '=' : conversion from 'unsigned short' to 'unsigned char', possible loss of data
     1>C:\Users\comrade\Desktop\unityeqsource\dependencies\libwebsockets\lib\parsers.c(390): warning C4244: '=' : conversion from 'unsigned short' to 'unsigned char', possible loss of data
     1>C:\Users\comrade\Desktop\unityeqsource\dependencies\libwebsockets\lib\parsers.c(506): warning C4244: '=' : conversion from 'unsigned short' to 'unsigned char', possible loss of data
     1>C:\Users\comrade\Desktop\unityeqsource\dependencies\libwebsockets\lib\parsers.c(513): warning C4244: '=' : conversion from 'unsigned short' to 'unsigned char', possible loss of data
         context.c
         sha-1.c
         lws-plat-win.c
     1>C:\Users\comrade\Desktop\unityeqsource\dependencies\libwebsockets\lib\lws-plat-win.c(143): warning C4244: '=' : conversion from 'long' to 'SHORT', possible loss of data
         server.c
         server-handshake.c
         extension.c
         extension-deflate-frame.c
         extension-deflate-stream.c
         Generating Code...
       Lib:
         C:\Program Files (x86)\Microsoft Visual Studio 12.0\VC\bin\Lib.exe /OUT:"C:\Users\comrade\Desktop\unityeqsource\build\dependencies\libwebsockets\lib\RelWithDebInfo\websockets_static.lib" /NOLOGO "websockets.dir\RelWithDebInfo\base64-decode.obj"
         websockets.dir\RelWithDebInfo\handshake.obj
         websockets.dir\RelWithDebInfo\libwebsockets.obj
         websockets.dir\RelWithDebInfo\service.obj
         websockets.dir\RelWithDebInfo\pollfd.obj
         websockets.dir\RelWithDebInfo\output.obj
         websockets.dir\RelWithDebInfo\parsers.obj
         websockets.dir\RelWithDebInfo\context.obj
         "websockets.dir\RelWithDebInfo\sha-1.obj"
         "websockets.dir\RelWithDebInfo\lws-plat-win.obj"
         websockets.dir\RelWithDebInfo\server.obj
         "websockets.dir\RelWithDebInfo\server-handshake.obj"
         websockets.dir\RelWithDebInfo\extension.obj
         "websockets.dir\RelWithDebInfo\extension-deflate-frame.obj"
         "websockets.dir\RelWithDebInfo\extension-deflate-stream.obj"
         websockets.vcxproj -> C:\Users\comrade\Desktop\unityeqsource\build\dependencies\libwebsockets\lib\RelWithDebInfo\websockets_static.lib
     1>Done Building Project "C:\Users\comrade\Desktop\unityeqsource\build\dependencies\libwebsockets\websockets.vcxproj" (Build target(s)).

Build succeeded.

Time Elapsed 00:00:10.90
