c:\users\comrade\desktop\unityeqsource\build\dependencies\libwebsockets\websockets.dir\debug\vc120.pdb
c:\users\comrade\desktop\unityeqsource\build\dependencies\libwebsockets\websockets.dir\debug\extension-deflate-stream.obj
c:\users\comrade\desktop\unityeqsource\build\dependencies\libwebsockets\websockets.dir\debug\extension-deflate-frame.obj
c:\users\comrade\desktop\unityeqsource\build\dependencies\libwebsockets\websockets.dir\debug\extension.obj
c:\users\comrade\desktop\unityeqsource\build\dependencies\libwebsockets\websockets.dir\debug\server-handshake.obj
c:\users\comrade\desktop\unityeqsource\build\dependencies\libwebsockets\websockets.dir\debug\server.obj
c:\users\comrade\desktop\unityeqsource\build\dependencies\libwebsockets\websockets.dir\debug\lws-plat-win.obj
c:\users\comrade\desktop\unityeqsource\build\dependencies\libwebsockets\websockets.dir\debug\sha-1.obj
c:\users\comrade\desktop\unityeqsource\build\dependencies\libwebsockets\websockets.dir\debug\context.obj
c:\users\comrade\desktop\unityeqsource\build\dependencies\libwebsockets\websockets.dir\debug\parsers.obj
c:\users\comrade\desktop\unityeqsource\build\dependencies\libwebsockets\websockets.dir\debug\output.obj
c:\users\comrade\desktop\unityeqsource\build\dependencies\libwebsockets\websockets.dir\debug\pollfd.obj
c:\users\comrade\desktop\unityeqsource\build\dependencies\libwebsockets\websockets.dir\debug\service.obj
c:\users\comrade\desktop\unityeqsource\build\dependencies\libwebsockets\websockets.dir\debug\libwebsockets.obj
c:\users\comrade\desktop\unityeqsource\build\dependencies\libwebsockets\websockets.dir\debug\handshake.obj
c:\users\comrade\desktop\unityeqsource\build\dependencies\libwebsockets\websockets.dir\debug\base64-decode.obj
c:\users\comrade\desktop\unityeqsource\build\dependencies\libwebsockets\cmakefiles\generate.stamp
c:\users\comrade\desktop\unityeqsource\build\dependencies\libwebsockets\lib\debug\websockets_static.lib
c:\users\comrade\desktop\unityeqsource\build\dependencies\libwebsockets\websockets.dir\debug\websockets.tlog\cl.command.1.tlog
c:\users\comrade\desktop\unityeqsource\build\dependencies\libwebsockets\websockets.dir\debug\websockets.tlog\cl.read.1.tlog
c:\users\comrade\desktop\unityeqsource\build\dependencies\libwebsockets\websockets.dir\debug\websockets.tlog\cl.write.1.tlog
c:\users\comrade\desktop\unityeqsource\build\dependencies\libwebsockets\websockets.dir\debug\websockets.tlog\custombuild.command.1.tlog
c:\users\comrade\desktop\unityeqsource\build\dependencies\libwebsockets\websockets.dir\debug\websockets.tlog\custombuild.read.1.tlog
c:\users\comrade\desktop\unityeqsource\build\dependencies\libwebsockets\websockets.dir\debug\websockets.tlog\custombuild.write.1.tlog
c:\users\comrade\desktop\unityeqsource\build\dependencies\libwebsockets\websockets.dir\debug\websockets.tlog\lib-link.read.1.tlog
c:\users\comrade\desktop\unityeqsource\build\dependencies\libwebsockets\websockets.dir\debug\websockets.tlog\lib-link.write.1.tlog
c:\users\comrade\desktop\unityeqsource\build\dependencies\libwebsockets\websockets.dir\debug\websockets.tlog\lib.command.1.tlog
