c:\users\comrade\desktop\unityeqsource\build\dependencies\libwebsockets\websockets_shared.dir\debug\vc120.pdb
c:\users\comrade\desktop\unityeqsource\build\dependencies\libwebsockets\websockets_shared.dir\debug\extension-deflate-stream.obj
c:\users\comrade\desktop\unityeqsource\build\dependencies\libwebsockets\websockets_shared.dir\debug\extension-deflate-frame.obj
c:\users\comrade\desktop\unityeqsource\build\dependencies\libwebsockets\websockets_shared.dir\debug\extension.obj
c:\users\comrade\desktop\unityeqsource\build\dependencies\libwebsockets\websockets_shared.dir\debug\server-handshake.obj
c:\users\comrade\desktop\unityeqsource\build\dependencies\libwebsockets\websockets_shared.dir\debug\server.obj
c:\users\comrade\desktop\unityeqsource\build\dependencies\libwebsockets\websockets_shared.dir\debug\lws-plat-win.obj
c:\users\comrade\desktop\unityeqsource\build\dependencies\libwebsockets\websockets_shared.dir\debug\sha-1.obj
c:\users\comrade\desktop\unityeqsource\build\dependencies\libwebsockets\websockets_shared.dir\debug\context.obj
c:\users\comrade\desktop\unityeqsource\build\dependencies\libwebsockets\websockets_shared.dir\debug\parsers.obj
c:\users\comrade\desktop\unityeqsource\build\dependencies\libwebsockets\websockets_shared.dir\debug\output.obj
c:\users\comrade\desktop\unityeqsource\build\dependencies\libwebsockets\websockets_shared.dir\debug\pollfd.obj
c:\users\comrade\desktop\unityeqsource\build\dependencies\libwebsockets\websockets_shared.dir\debug\service.obj
c:\users\comrade\desktop\unityeqsource\build\dependencies\libwebsockets\websockets_shared.dir\debug\libwebsockets.obj
c:\users\comrade\desktop\unityeqsource\build\dependencies\libwebsockets\websockets_shared.dir\debug\handshake.obj
c:\users\comrade\desktop\unityeqsource\build\dependencies\libwebsockets\websockets_shared.dir\debug\base64-decode.obj
c:\users\comrade\desktop\unityeqsource\build\dependencies\libwebsockets\cmakefiles\generate.stamp
c:\users\comrade\desktop\unityeqsource\build\dependencies\libwebsockets\bin\debug\websockets.ilk
c:\users\comrade\desktop\unityeqsource\build\dependencies\libwebsockets\bin\debug\websockets.dll
c:\users\comrade\desktop\unityeqsource\build\dependencies\libwebsockets\bin\debug\websockets.pdb
c:\users\comrade\desktop\unityeqsource\build\dependencies\libwebsockets\lib\debug\websockets.lib
c:\users\comrade\desktop\unityeqsource\build\dependencies\libwebsockets\lib\debug\websockets.exp
c:\users\comrade\desktop\unityeqsource\build\dependencies\libwebsockets\websockets_shared.dir\debug\websocke.3dfe4d25.tlog\cl.command.1.tlog
c:\users\comrade\desktop\unityeqsource\build\dependencies\libwebsockets\websockets_shared.dir\debug\websocke.3dfe4d25.tlog\cl.read.1.tlog
c:\users\comrade\desktop\unityeqsource\build\dependencies\libwebsockets\websockets_shared.dir\debug\websocke.3dfe4d25.tlog\cl.write.1.tlog
c:\users\comrade\desktop\unityeqsource\build\dependencies\libwebsockets\websockets_shared.dir\debug\websocke.3dfe4d25.tlog\custombuild.command.1.tlog
c:\users\comrade\desktop\unityeqsource\build\dependencies\libwebsockets\websockets_shared.dir\debug\websocke.3dfe4d25.tlog\custombuild.read.1.tlog
c:\users\comrade\desktop\unityeqsource\build\dependencies\libwebsockets\websockets_shared.dir\debug\websocke.3dfe4d25.tlog\custombuild.write.1.tlog
c:\users\comrade\desktop\unityeqsource\build\dependencies\libwebsockets\websockets_shared.dir\debug\websocke.3dfe4d25.tlog\link.command.1.tlog
c:\users\comrade\desktop\unityeqsource\build\dependencies\libwebsockets\websockets_shared.dir\debug\websocke.3dfe4d25.tlog\link.read.1.tlog
c:\users\comrade\desktop\unityeqsource\build\dependencies\libwebsockets\websockets_shared.dir\debug\websocke.3dfe4d25.tlog\link.write.1.tlog
c:\users\comrade\desktop\unityeqsource\build\dependencies\libwebsockets\websockets_shared.dir\debug\websocke.3dfe4d25.tlog\websockets_shared.write.1u.tlog
