c:\users\comrade\desktop\unityeqsource\build\dependencies\libwebsockets\zlib.dir\debug\vc120.pdb
c:\users\comrade\desktop\unityeqsource\build\dependencies\libwebsockets\zlib.dir\debug\zutil.obj
c:\users\comrade\desktop\unityeqsource\build\dependencies\libwebsockets\zlib.dir\debug\uncompr.obj
c:\users\comrade\desktop\unityeqsource\build\dependencies\libwebsockets\zlib.dir\debug\trees.obj
c:\users\comrade\desktop\unityeqsource\build\dependencies\libwebsockets\zlib.dir\debug\inftrees.obj
c:\users\comrade\desktop\unityeqsource\build\dependencies\libwebsockets\zlib.dir\debug\inflate.obj
c:\users\comrade\desktop\unityeqsource\build\dependencies\libwebsockets\zlib.dir\debug\inffast.obj
c:\users\comrade\desktop\unityeqsource\build\dependencies\libwebsockets\zlib.dir\debug\infback.obj
c:\users\comrade\desktop\unityeqsource\build\dependencies\libwebsockets\zlib.dir\debug\gzwrite.obj
c:\users\comrade\desktop\unityeqsource\build\dependencies\libwebsockets\zlib.dir\debug\gzread.obj
c:\users\comrade\desktop\unityeqsource\build\dependencies\libwebsockets\zlib.dir\debug\gzlib.obj
c:\users\comrade\desktop\unityeqsource\build\dependencies\libwebsockets\zlib.dir\debug\gzio.obj
c:\users\comrade\desktop\unityeqsource\build\dependencies\libwebsockets\zlib.dir\debug\gzclose.obj
c:\users\comrade\desktop\unityeqsource\build\dependencies\libwebsockets\zlib.dir\debug\deflate.obj
c:\users\comrade\desktop\unityeqsource\build\dependencies\libwebsockets\zlib.dir\debug\crc32.obj
c:\users\comrade\desktop\unityeqsource\build\dependencies\libwebsockets\zlib.dir\debug\compress.obj
c:\users\comrade\desktop\unityeqsource\build\dependencies\libwebsockets\zlib.dir\debug\adler32.obj
c:\users\comrade\desktop\unityeqsource\build\dependencies\libwebsockets\cmakefiles\generate.stamp
c:\users\comrade\desktop\unityeqsource\build\dependencies\libwebsockets\lib\debug\zlib.lib
c:\users\comrade\desktop\unityeqsource\build\dependencies\libwebsockets\zlib.dir\debug\zlib.tlog\cl.command.1.tlog
c:\users\comrade\desktop\unityeqsource\build\dependencies\libwebsockets\zlib.dir\debug\zlib.tlog\cl.read.1.tlog
c:\users\comrade\desktop\unityeqsource\build\dependencies\libwebsockets\zlib.dir\debug\zlib.tlog\cl.write.1.tlog
c:\users\comrade\desktop\unityeqsource\build\dependencies\libwebsockets\zlib.dir\debug\zlib.tlog\custombuild.command.1.tlog
c:\users\comrade\desktop\unityeqsource\build\dependencies\libwebsockets\zlib.dir\debug\zlib.tlog\custombuild.read.1.tlog
c:\users\comrade\desktop\unityeqsource\build\dependencies\libwebsockets\zlib.dir\debug\zlib.tlog\custombuild.write.1.tlog
c:\users\comrade\desktop\unityeqsource\build\dependencies\libwebsockets\zlib.dir\debug\zlib.tlog\lib-link.read.1.tlog
c:\users\comrade\desktop\unityeqsource\build\dependencies\libwebsockets\zlib.dir\debug\zlib.tlog\lib-link.write.1.tlog
c:\users\comrade\desktop\unityeqsource\build\dependencies\libwebsockets\zlib.dir\debug\zlib.tlog\lib.command.1.tlog
