c:\users\comrade\desktop\unityeqsource\build\dependencies\libwebsockets\websockets_shared.dir\relwithdebinfo\vc120.pdb
c:\users\comrade\desktop\unityeqsource\build\dependencies\libwebsockets\websockets_shared.dir\relwithdebinfo\extension-deflate-stream.obj
c:\users\comrade\desktop\unityeqsource\build\dependencies\libwebsockets\websockets_shared.dir\relwithdebinfo\extension-deflate-frame.obj
c:\users\comrade\desktop\unityeqsource\build\dependencies\libwebsockets\websockets_shared.dir\relwithdebinfo\extension.obj
c:\users\comrade\desktop\unityeqsource\build\dependencies\libwebsockets\websockets_shared.dir\relwithdebinfo\server-handshake.obj
c:\users\comrade\desktop\unityeqsource\build\dependencies\libwebsockets\websockets_shared.dir\relwithdebinfo\server.obj
c:\users\comrade\desktop\unityeqsource\build\dependencies\libwebsockets\websockets_shared.dir\relwithdebinfo\lws-plat-win.obj
c:\users\comrade\desktop\unityeqsource\build\dependencies\libwebsockets\websockets_shared.dir\relwithdebinfo\sha-1.obj
c:\users\comrade\desktop\unityeqsource\build\dependencies\libwebsockets\websockets_shared.dir\relwithdebinfo\context.obj
c:\users\comrade\desktop\unityeqsource\build\dependencies\libwebsockets\websockets_shared.dir\relwithdebinfo\parsers.obj
c:\users\comrade\desktop\unityeqsource\build\dependencies\libwebsockets\websockets_shared.dir\relwithdebinfo\output.obj
c:\users\comrade\desktop\unityeqsource\build\dependencies\libwebsockets\websockets_shared.dir\relwithdebinfo\pollfd.obj
c:\users\comrade\desktop\unityeqsource\build\dependencies\libwebsockets\websockets_shared.dir\relwithdebinfo\service.obj
c:\users\comrade\desktop\unityeqsource\build\dependencies\libwebsockets\websockets_shared.dir\relwithdebinfo\libwebsockets.obj
c:\users\comrade\desktop\unityeqsource\build\dependencies\libwebsockets\websockets_shared.dir\relwithdebinfo\handshake.obj
c:\users\comrade\desktop\unityeqsource\build\dependencies\libwebsockets\websockets_shared.dir\relwithdebinfo\base64-decode.obj
c:\users\comrade\desktop\unityeqsource\build\dependencies\libwebsockets\cmakefiles\generate.stamp
c:\users\comrade\desktop\unityeqsource\build\dependencies\libwebsockets\bin\relwithdebinfo\websockets.ilk
c:\users\comrade\desktop\unityeqsource\build\dependencies\libwebsockets\bin\relwithdebinfo\websockets.dll
c:\users\comrade\desktop\unityeqsource\build\dependencies\libwebsockets\bin\relwithdebinfo\websockets.pdb
c:\users\comrade\desktop\unityeqsource\build\dependencies\libwebsockets\lib\relwithdebinfo\websockets.lib
c:\users\comrade\desktop\unityeqsource\build\dependencies\libwebsockets\lib\relwithdebinfo\websockets.exp
c:\users\comrade\desktop\unityeqsource\build\dependencies\libwebsockets\websockets_shared.dir\relwithdebinfo\websocke.3dfe4d25.tlog\cl.command.1.tlog
c:\users\comrade\desktop\unityeqsource\build\dependencies\libwebsockets\websockets_shared.dir\relwithdebinfo\websocke.3dfe4d25.tlog\cl.read.1.tlog
c:\users\comrade\desktop\unityeqsource\build\dependencies\libwebsockets\websockets_shared.dir\relwithdebinfo\websocke.3dfe4d25.tlog\cl.write.1.tlog
c:\users\comrade\desktop\unityeqsource\build\dependencies\libwebsockets\websockets_shared.dir\relwithdebinfo\websocke.3dfe4d25.tlog\custombuild.command.1.tlog
c:\users\comrade\desktop\unityeqsource\build\dependencies\libwebsockets\websockets_shared.dir\relwithdebinfo\websocke.3dfe4d25.tlog\custombuild.read.1.tlog
c:\users\comrade\desktop\unityeqsource\build\dependencies\libwebsockets\websockets_shared.dir\relwithdebinfo\websocke.3dfe4d25.tlog\custombuild.write.1.tlog
c:\users\comrade\desktop\unityeqsource\build\dependencies\libwebsockets\websockets_shared.dir\relwithdebinfo\websocke.3dfe4d25.tlog\link.command.1.tlog
c:\users\comrade\desktop\unityeqsource\build\dependencies\libwebsockets\websockets_shared.dir\relwithdebinfo\websocke.3dfe4d25.tlog\link.read.1.tlog
c:\users\comrade\desktop\unityeqsource\build\dependencies\libwebsockets\websockets_shared.dir\relwithdebinfo\websocke.3dfe4d25.tlog\link.write.1.tlog
c:\users\comrade\desktop\unityeqsource\build\dependencies\libwebsockets\websockets_shared.dir\relwithdebinfo\websocke.3dfe4d25.tlog\websockets_shared.write.1u.tlog
