Build started 1/11/2016 2:43:18 AM.
     1>Project "C:\Users\comrade\Desktop\unityeqsource\build\dependencies\libwebsockets\ZLIB.vcxproj" on node 2 (Build target(s)).
     1>CustomBuild:
         Building Custom Rule C:/Users/comrade/Desktop/unityeqsource/dependencies/libwebsockets/CMakeLists.txt
         CMake does not need to re-run because C:\Users\comrade\Desktop\unityeqsource\build\dependencies\libwebsockets\CMakeFiles\generate.stamp is up-to-date.
       ClCompile:
         C:\Program Files (x86)\Microsoft Visual Studio 12.0\VC\bin\CL.exe /c /IC:\Perl\lib\CORE /IC:\Users\comrade\Desktop\unityeqsource\dependencies\luaj_x86\src /IC:\Users\comrade\Desktop\unityeqsource\dependencies\boost /IC:\Users\comrade\Desktop\unityeqsource\dependencies\luabind /IC:\Users\comrade\Desktop\unityeqsource\dependencies\zlib_x86\include /IC:\Users\comrade\Desktop\unityeqsource\dependencies\mysql_x86\include /IC:\Users\comrade\Desktop\unityeqsource\common\glm /IC:\Users\comrade\Desktop\unityeqsource\dependencies\libwebsockets /IC:\Users\comrade\Desktop\unityeqsource\common\rapidjson /IC:\Users\comrade\Desktop\unityeqsource\build\dependencies\libwebsockets /IC:\Users\comrade\Desktop\unityeqsource\dependencies\libwebsockets\lib /IC:\Users\comrade\Desktop\unityeqsource\dependencies\libwebsockets\win32port\win32helpers /IC:\Users\comrade\Desktop\unityeqsource\dependencies\libwebsockets\win32port\zlib /Zi /nologo /W3 /WX- /O2 /Ob1 /Oy- /D WIN32 /D _WINDOWS /D NDEBUG /D _WINDOWS /D WIN32 /D _CRT_SECURE_NO_WARNINGS /D CRASH_LOGGING /D NOMINMAX /D COMMANDS_LOGGING /D DISABLE_LOGSYS /D EMBPERL /D EMBPERL_PLUGIN /D LUA_EQEMU /D EQDEBUG=5 /D INVERSEXY /D FIELD_ITEMS /D "MAP_DIR=\"./Maps\"" /D RATEBASE=1048576 /D DECAYBASE=78642 /D RETRANSMIT_TIMEOUT_MULT=3.0 /D RETRANSMIT_TIMEOUT_MAX=5000 /D AVERAGE_DELTA_MAX=2500 /D LOG_LEVEL_STATUS=2 /D LOG_LEVEL_NORMAL=3 /D LOG_LEVEL_ERROR=2 /D LOG_LEVEL_DEBUG=3 /D LOG_LEVEL_QUEST=2 /D LOG_LEVEL_COMMANDS=1 /D LOG_LEVEL_CRASH=3 /D GLM_FORCE_RADIANS /D RETRANSMIT_ACKED_PACKETS=true /D SANITIZE_LUA_LIBS /D CMAKE_BUILD /D _CRT_SECURE_NO_DEPRECATE /D _CRT_NONSTDC_NO_DEPRECATE /D "CMAKE_INTDIR=\"RelWithDebInfo\"" /D _MBCS /Gm- /MT /GS /fp:fast /Zc:wchar_t /Zc:forScope /Fo"ZLIB.dir\RelWithDebInfo\\" /Fd"ZLIB.dir\RelWithDebInfo\vc120.pdb" /Gd /TC /analyze- /errorReport:prompt C:\Users\comrade\Desktop\unityeqsource\dependencies\libwebsockets\win32port\zlib\adler32.c C:\Users\comrade\Desktop\unityeqsource\dependencies\libwebsockets\win32port\zlib\compress.c C:\Users\comrade\Desktop\unityeqsource\dependencies\libwebsockets\win32port\zlib\crc32.c C:\Users\comrade\Desktop\unityeqsource\dependencies\libwebsockets\win32port\zlib\deflate.c C:\Users\comrade\Desktop\unityeqsource\dependencies\libwebsockets\win32port\zlib\gzclose.c C:\Users\comrade\Desktop\unityeqsource\dependencies\libwebsockets\win32port\zlib\gzio.c C:\Users\comrade\Desktop\unityeqsource\dependencies\libwebsockets\win32port\zlib\gzlib.c C:\Users\comrade\Desktop\unityeqsource\dependencies\libwebsockets\win32port\zlib\gzread.c C:\Users\comrade\Desktop\unityeqsource\dependencies\libwebsockets\win32port\zlib\gzwrite.c C:\Users\comrade\Desktop\unityeqsource\dependencies\libwebsockets\win32port\zlib\infback.c C:\Users\comrade\Desktop\unityeqsource\dependencies\libwebsockets\win32port\zlib\inffast.c C:\Users\comrade\Desktop\unityeqsource\dependencies\libwebsockets\win32port\zlib\inflate.c C:\Users\comrade\Desktop\unityeqsource\dependencies\libwebsockets\win32port\zlib\inftrees.c C:\Users\comrade\Desktop\unityeqsource\dependencies\libwebsockets\win32port\zlib\trees.c C:\Users\comrade\Desktop\unityeqsource\dependencies\libwebsockets\win32port\zlib\uncompr.c C:\Users\comrade\Desktop\unityeqsource\dependencies\libwebsockets\win32port\zlib\zutil.c
         adler32.c
         compress.c
         crc32.c
         deflate.c
         gzclose.c
         gzio.c
         gzlib.c
         gzread.c
         gzwrite.c
         infback.c
         inffast.c
         inflate.c
         inftrees.c
         trees.c
         uncompr.c
         zutil.c
         Generating Code...
       Lib:
         C:\Program Files (x86)\Microsoft Visual Studio 12.0\VC\bin\Lib.exe /OUT:"C:\Users\comrade\Desktop\unityeqsource\build\dependencies\libwebsockets\lib\RelWithDebInfo\ZLIB.lib" /NOLOGO ZLIB.dir\RelWithDebInfo\adler32.obj
         ZLIB.dir\RelWithDebInfo\compress.obj
         ZLIB.dir\RelWithDebInfo\crc32.obj
         ZLIB.dir\RelWithDebInfo\deflate.obj
         ZLIB.dir\RelWithDebInfo\gzclose.obj
         ZLIB.dir\RelWithDebInfo\gzio.obj
         ZLIB.dir\RelWithDebInfo\gzlib.obj
         ZLIB.dir\RelWithDebInfo\gzread.obj
         ZLIB.dir\RelWithDebInfo\gzwrite.obj
         ZLIB.dir\RelWithDebInfo\infback.obj
         ZLIB.dir\RelWithDebInfo\inffast.obj
         ZLIB.dir\RelWithDebInfo\inflate.obj
         ZLIB.dir\RelWithDebInfo\inftrees.obj
         ZLIB.dir\RelWithDebInfo\trees.obj
         ZLIB.dir\RelWithDebInfo\uncompr.obj
         ZLIB.dir\RelWithDebInfo\zutil.obj
     1>gzio.obj : warning LNK4006: _gzclearerr already defined in gzlib.obj; second definition ignored
     1>gzio.obj : warning LNK4006: _gzdopen already defined in gzlib.obj; second definition ignored
     1>gzio.obj : warning LNK4006: _gzeof already defined in gzlib.obj; second definition ignored
     1>gzio.obj : warning LNK4006: _gzerror already defined in gzlib.obj; second definition ignored
     1>gzio.obj : warning LNK4006: _gzflush already defined in gzwrite.obj; second definition ignored
     1>gzio.obj : warning LNK4006: _gzgetc already defined in gzread.obj; second definition ignored
     1>gzio.obj : warning LNK4006: _gzgets already defined in gzread.obj; second definition ignored
     1>gzio.obj : warning LNK4006: _gzopen already defined in gzlib.obj; second definition ignored
     1>gzio.obj : warning LNK4006: _gzprintf already defined in gzwrite.obj; second definition ignored
     1>gzio.obj : warning LNK4006: _gzputc already defined in gzwrite.obj; second definition ignored
     1>gzio.obj : warning LNK4006: _gzputs already defined in gzwrite.obj; second definition ignored
     1>gzio.obj : warning LNK4006: _gzread already defined in gzread.obj; second definition ignored
     1>gzio.obj : warning LNK4006: _gzrewind already defined in gzlib.obj; second definition ignored
     1>gzio.obj : warning LNK4006: _gzseek already defined in gzlib.obj; second definition ignored
     1>gzio.obj : warning LNK4006: _gzsetparams already defined in gzwrite.obj; second definition ignored
     1>gzio.obj : warning LNK4006: _gztell already defined in gzlib.obj; second definition ignored
     1>gzio.obj : warning LNK4006: _gzungetc already defined in gzread.obj; second definition ignored
     1>gzio.obj : warning LNK4006: _gzwrite already defined in gzwrite.obj; second definition ignored
     1>gzclose.obj : warning LNK4006: _gzclose already defined in gzio.obj; second definition ignored
     1>gzclose.obj : warning LNK4221: This object file does not define any previously undefined public symbols, so it will not be used by any link operation that consumes this library
         ZLIB.vcxproj -> C:\Users\comrade\Desktop\unityeqsource\build\dependencies\libwebsockets\lib\RelWithDebInfo\ZLIB.lib
     1>Done Building Project "C:\Users\comrade\Desktop\unityeqsource\build\dependencies\libwebsockets\ZLIB.vcxproj" (Build target(s)).

Build succeeded.

Time Elapsed 00:00:04.08
