c:\users\comrade\desktop\unityeqsource\build\dependencies\libwebsockets\zlib.dir\relwithdebinfo\vc120.pdb
c:\users\comrade\desktop\unityeqsource\build\dependencies\libwebsockets\zlib.dir\relwithdebinfo\zutil.obj
c:\users\comrade\desktop\unityeqsource\build\dependencies\libwebsockets\zlib.dir\relwithdebinfo\uncompr.obj
c:\users\comrade\desktop\unityeqsource\build\dependencies\libwebsockets\zlib.dir\relwithdebinfo\trees.obj
c:\users\comrade\desktop\unityeqsource\build\dependencies\libwebsockets\zlib.dir\relwithdebinfo\inftrees.obj
c:\users\comrade\desktop\unityeqsource\build\dependencies\libwebsockets\zlib.dir\relwithdebinfo\inflate.obj
c:\users\comrade\desktop\unityeqsource\build\dependencies\libwebsockets\zlib.dir\relwithdebinfo\inffast.obj
c:\users\comrade\desktop\unityeqsource\build\dependencies\libwebsockets\zlib.dir\relwithdebinfo\infback.obj
c:\users\comrade\desktop\unityeqsource\build\dependencies\libwebsockets\zlib.dir\relwithdebinfo\gzwrite.obj
c:\users\comrade\desktop\unityeqsource\build\dependencies\libwebsockets\zlib.dir\relwithdebinfo\gzread.obj
c:\users\comrade\desktop\unityeqsource\build\dependencies\libwebsockets\zlib.dir\relwithdebinfo\gzlib.obj
c:\users\comrade\desktop\unityeqsource\build\dependencies\libwebsockets\zlib.dir\relwithdebinfo\gzio.obj
c:\users\comrade\desktop\unityeqsource\build\dependencies\libwebsockets\zlib.dir\relwithdebinfo\gzclose.obj
c:\users\comrade\desktop\unityeqsource\build\dependencies\libwebsockets\zlib.dir\relwithdebinfo\deflate.obj
c:\users\comrade\desktop\unityeqsource\build\dependencies\libwebsockets\zlib.dir\relwithdebinfo\crc32.obj
c:\users\comrade\desktop\unityeqsource\build\dependencies\libwebsockets\zlib.dir\relwithdebinfo\compress.obj
c:\users\comrade\desktop\unityeqsource\build\dependencies\libwebsockets\zlib.dir\relwithdebinfo\adler32.obj
c:\users\comrade\desktop\unityeqsource\build\dependencies\libwebsockets\cmakefiles\generate.stamp
c:\users\comrade\desktop\unityeqsource\build\dependencies\libwebsockets\lib\relwithdebinfo\zlib.lib
c:\users\comrade\desktop\unityeqsource\build\dependencies\libwebsockets\zlib.dir\relwithdebinfo\zlib.tlog\cl.command.1.tlog
c:\users\comrade\desktop\unityeqsource\build\dependencies\libwebsockets\zlib.dir\relwithdebinfo\zlib.tlog\cl.read.1.tlog
c:\users\comrade\desktop\unityeqsource\build\dependencies\libwebsockets\zlib.dir\relwithdebinfo\zlib.tlog\cl.write.1.tlog
c:\users\comrade\desktop\unityeqsource\build\dependencies\libwebsockets\zlib.dir\relwithdebinfo\zlib.tlog\custombuild.command.1.tlog
c:\users\comrade\desktop\unityeqsource\build\dependencies\libwebsockets\zlib.dir\relwithdebinfo\zlib.tlog\custombuild.read.1.tlog
c:\users\comrade\desktop\unityeqsource\build\dependencies\libwebsockets\zlib.dir\relwithdebinfo\zlib.tlog\custombuild.write.1.tlog
c:\users\comrade\desktop\unityeqsource\build\dependencies\libwebsockets\zlib.dir\relwithdebinfo\zlib.tlog\lib-link.read.1.tlog
c:\users\comrade\desktop\unityeqsource\build\dependencies\libwebsockets\zlib.dir\relwithdebinfo\zlib.tlog\lib-link.write.1.tlog
c:\users\comrade\desktop\unityeqsource\build\dependencies\libwebsockets\zlib.dir\relwithdebinfo\zlib.tlog\lib.command.1.tlog
